2025-10-17 12:07:27,198 [Worker-6: Loading available Gradle versions] INFO  o.e.b.c.i.u.g.PublishedGradleVersions - Gradle version information cache is up-to-date. Trying to read.
2025-10-17 12:25:09,046 [Worker-33: Import Getting Started Content] INFO  o.e.m.c.i.l.LifecycleMappingFactory - Using org.eclipse.m2e.jdt.JarLifecycleMapping lifecycle mapping for MavenProject: com.klef:HospitalManagemnet:0.0.1-SNAPSHOT @ C:\2025-2026\CICD\Lab-10\DOCKER-PRACTICE-FULLSTACK\HospitalManagemnet\pom.xml.
2025-10-17 12:25:19,023 [Worker-33: Import Getting Started Content] INFO  o.e.m.j.i.AbstractJavaProjectConfigurator - Adding source folder /HospitalManagemnet/src/main/java
2025-10-17 12:25:19,033 [Worker-33: Import Getting Started Content] INFO  o.e.m.j.i.AbstractJavaProjectConfigurator - Adding resource folder /HospitalManagemnet/src/main/resources
2025-10-17 12:25:19,052 [Worker-33: Import Getting Started Content] INFO  o.e.m.j.i.AbstractJavaProjectConfigurator - Adding resource folder /HospitalManagemnet/src/main/resources
2025-10-17 12:25:19,137 [Worker-33: Import Getting Started Content] INFO  o.e.m.j.i.AbstractJavaProjectConfigurator - Adding source folder /HospitalManagemnet/src/test/java
2025-10-17 12:25:19,141 [Worker-33: Import Getting Started Content] INFO  o.e.m.j.i.AbstractJavaProjectConfigurator - Adding resource folder /HospitalManagemnet/src/test/resources
2025-10-17 12:25:25,132 [Worker-33: Import Getting Started Content] INFO  o.e.m.c.i.p.ProjectConfigurationManager - Imported and configured 1 project(s) in 31 sec
2025-10-17 12:25:25,149 [Worker-33: Import Getting Started Content] INFO  o.e.m.c.i.p.ProjectConfigurationManager - Update started
2025-10-17 12:25:27,906 [Worker-33: Import Getting Started Content] INFO  o.e.m.c.i.l.LifecycleMappingFactory - Using org.eclipse.m2e.jdt.JarLifecycleMapping lifecycle mapping for MavenProject: com.klef:HospitalManagemnet:0.0.1-SNAPSHOT @ C:\2025-2026\CICD\Lab-10\DOCKER-PRACTICE-FULLSTACK\HospitalManagemnet\pom.xml.
2025-10-17 12:25:29,671 [Worker-33: Import Getting Started Content] INFO  o.e.m.j.i.AbstractJavaProjectConfigurator - Adding source folder /HospitalManagemnet/src/main/java
2025-10-17 12:25:29,678 [Worker-33: Import Getting Started Content] INFO  o.e.m.j.i.AbstractJavaProjectConfigurator - Adding resource folder /HospitalManagemnet/src/main/resources
2025-10-17 12:25:29,682 [Worker-33: Import Getting Started Content] INFO  o.e.m.j.i.AbstractJavaProjectConfigurator - Adding resource folder /HospitalManagemnet/src/main/resources
2025-10-17 12:25:29,685 [Worker-33: Import Getting Started Content] INFO  o.e.m.j.i.AbstractJavaProjectConfigurator - Adding source folder /HospitalManagemnet/src/test/java
2025-10-17 12:25:29,687 [Worker-33: Import Getting Started Content] INFO  o.e.m.j.i.AbstractJavaProjectConfigurator - Adding resource folder /HospitalManagemnet/src/test/resources
2025-10-17 12:25:31,786 [Worker-33: Import Getting Started Content] INFO  o.e.m.c.i.p.ProjectConfigurationManager - Update completed for 1 poms: local refresh takes 0.00 sec, refresh facades takes 4.00 sec, update config takes 1.00 sec 
2025-10-17 12:25:35,051 [Worker-44: Building] INFO  o.a.m.s.f.DefaultMavenResourcesFiltering - Copying 1 resource from src\main\resources to target\classes
2025-10-17 12:25:35,104 [Worker-44: Building] INFO  o.a.m.s.f.DefaultMavenResourcesFiltering - Copying 0 resource from src\main\resources to target\classes
2025-10-17 12:25:35,116 [Worker-44: Building] INFO  o.a.m.s.f.DefaultMavenResourcesFiltering - skip non existing resourceDirectory C:\2025-2026\CICD\Lab-10\DOCKER-PRACTICE-FULLSTACK\HospitalManagemnet\src\test\resources
2025-10-17 12:41:16,771 [Worker-47: Building] INFO  o.a.m.s.f.DefaultMavenResourcesFiltering - Copying 1 resource from src\main\resources to target\classes
2025-10-17 12:41:16,782 [Worker-47: Building] INFO  o.a.m.s.f.DefaultMavenResourcesFiltering - Copying 0 resource from src\main\resources to target\classes
2025-10-17 12:41:16,799 [Worker-47: Building] INFO  o.a.m.s.f.DefaultMavenResourcesFiltering - skip non existing resourceDirectory C:\2025-2026\CICD\Lab-10\DOCKER-PRACTICE-FULLSTACK\HospitalManagemnet\src\test\resources
2025-10-17 12:42:00,223 [Worker-52: Building] INFO  o.a.m.s.f.DefaultMavenResourcesFiltering - Copying 1 resource from src\main\resources to target\classes
2025-10-17 12:42:00,231 [Worker-52: Building] INFO  o.a.m.s.f.DefaultMavenResourcesFiltering - Copying 0 resource from src\main\resources to target\classes
2025-10-17 12:42:00,239 [Worker-52: Building] INFO  o.a.m.s.f.DefaultMavenResourcesFiltering - skip non existing resourceDirectory C:\2025-2026\CICD\Lab-10\DOCKER-PRACTICE-FULLSTACK\HospitalManagemnet\src\test\resources
2025-10-17 12:43:14,138 [Worker-52: Building] INFO  o.a.m.s.f.DefaultMavenResourcesFiltering - Copying 1 resource from src\main\resources to target\classes
2025-10-17 12:43:14,146 [Worker-52: Building] INFO  o.a.m.s.f.DefaultMavenResourcesFiltering - Copying 0 resource from src\main\resources to target\classes
2025-10-17 12:43:14,155 [Worker-52: Building] INFO  o.a.m.s.f.DefaultMavenResourcesFiltering - skip non existing resourceDirectory C:\2025-2026\CICD\Lab-10\DOCKER-PRACTICE-FULLSTACK\HospitalManagemnet\src\test\resources
2025-10-17 12:44:07,661 [Worker-49: Building] INFO  o.a.m.s.f.DefaultMavenResourcesFiltering - Copying 1 resource from src\main\resources to target\classes
2025-10-17 12:44:07,668 [Worker-49: Building] INFO  o.a.m.s.f.DefaultMavenResourcesFiltering - Copying 0 resource from src\main\resources to target\classes
2025-10-17 12:44:07,674 [Worker-49: Building] INFO  o.a.m.s.f.DefaultMavenResourcesFiltering - skip non existing resourceDirectory C:\2025-2026\CICD\Lab-10\DOCKER-PRACTICE-FULLSTACK\HospitalManagemnet\src\test\resources
2025-10-17 12:45:39,363 [Worker-50: Launching HospitalManagemnet - HospitalManagemnetApplication] INFO  o.a.m.s.f.DefaultMavenResourcesFiltering - Copying 1 resource from src\main\resources to target\classes
2025-10-17 12:45:39,373 [Worker-50: Launching HospitalManagemnet - HospitalManagemnetApplication] INFO  o.a.m.s.f.DefaultMavenResourcesFiltering - Copying 0 resource from src\main\resources to target\classes
2025-10-17 12:45:39,379 [Worker-50: Launching HospitalManagemnet - HospitalManagemnetApplication] INFO  o.a.m.s.f.DefaultMavenResourcesFiltering - skip non existing resourceDirectory C:\2025-2026\CICD\Lab-10\DOCKER-PRACTICE-FULLSTACK\HospitalManagemnet\src\test\resources
